C:\USERS\GEORGE\DESKTOP\RAYTRACE\RAYTRACE\DEBUG\VC110.PDB
C:\USERS\GEORGE\DESKTOP\RAYTRACE\RAYTRACE\DEBUG\MAIN.OBJ
C:\USERS\GEORGE\DESKTOP\RAYTRACE\DEBUG\RAYTRACE.ILK
C:\USERS\GEORGE\DESKTOP\RAYTRACE\DEBUG\RAYTRACE.EXE
C:\USERS\GEORGE\DESKTOP\RAYTRACE\DEBUG\RAYTRACE.PDB
C:\Users\George\Desktop\RayTrace\RayTrace\Debug\main.obj
C:\Users\George\Desktop\RayTrace\RayTrace\Debug\cl.command.1.tlog
C:\Users\George\Desktop\RayTrace\RayTrace\Debug\CL.read.1.tlog
C:\Users\George\Desktop\RayTrace\RayTrace\Debug\CL.write.1.tlog
C:\Users\George\Desktop\RayTrace\RayTrace\Debug\link-cvtres.read.1.tlog
C:\Users\George\Desktop\RayTrace\RayTrace\Debug\link-cvtres.write.1.tlog
C:\Users\George\Desktop\RayTrace\RayTrace\Debug\link-rc.read.1.tlog
C:\Users\George\Desktop\RayTrace\RayTrace\Debug\link-rc.write.1.tlog
C:\Users\George\Desktop\RayTrace\RayTrace\Debug\link.1168-cvtres.read.1.tlog
C:\Users\George\Desktop\RayTrace\RayTrace\Debug\link.1168-cvtres.write.1.tlog
C:\Users\George\Desktop\RayTrace\RayTrace\Debug\link.1168-rc.read.1.tlog
C:\Users\George\Desktop\RayTrace\RayTrace\Debug\link.1168-rc.write.1.tlog
C:\Users\George\Desktop\RayTrace\RayTrace\Debug\link.1168.read.1.tlog
C:\Users\George\Desktop\RayTrace\RayTrace\Debug\link.1168.write.1.tlog
C:\Users\George\Desktop\RayTrace\RayTrace\Debug\link.1264-cvtres.read.1.tlog
C:\Users\George\Desktop\RayTrace\RayTrace\Debug\link.1264-cvtres.write.1.tlog
C:\Users\George\Desktop\RayTrace\RayTrace\Debug\link.1264-rc.read.1.tlog
C:\Users\George\Desktop\RayTrace\RayTrace\Debug\link.1264-rc.write.1.tlog
C:\Users\George\Desktop\RayTrace\RayTrace\Debug\link.1264.read.1.tlog
C:\Users\George\Desktop\RayTrace\RayTrace\Debug\link.1264.write.1.tlog
C:\Users\George\Desktop\RayTrace\RayTrace\Debug\link.1272-cvtres.read.1.tlog
C:\Users\George\Desktop\RayTrace\RayTrace\Debug\link.1272-cvtres.write.1.tlog
C:\Users\George\Desktop\RayTrace\RayTrace\Debug\link.1272-rc.read.1.tlog
C:\Users\George\Desktop\RayTrace\RayTrace\Debug\link.1272-rc.write.1.tlog
C:\Users\George\Desktop\RayTrace\RayTrace\Debug\link.1272.read.1.tlog
C:\Users\George\Desktop\RayTrace\RayTrace\Debug\link.1272.write.1.tlog
C:\Users\George\Desktop\RayTrace\RayTrace\Debug\link.1336-cvtres.read.1.tlog
C:\Users\George\Desktop\RayTrace\RayTrace\Debug\link.1336-cvtres.write.1.tlog
C:\Users\George\Desktop\RayTrace\RayTrace\Debug\link.1336-rc.read.1.tlog
C:\Users\George\Desktop\RayTrace\RayTrace\Debug\link.1336-rc.write.1.tlog
C:\Users\George\Desktop\RayTrace\RayTrace\Debug\link.1336.read.1.tlog
C:\Users\George\Desktop\RayTrace\RayTrace\Debug\link.1336.write.1.tlog
C:\Users\George\Desktop\RayTrace\RayTrace\Debug\link.1348-cvtres.read.1.tlog
C:\Users\George\Desktop\RayTrace\RayTrace\Debug\link.1348-cvtres.write.1.tlog
C:\Users\George\Desktop\RayTrace\RayTrace\Debug\link.1348-rc.read.1.tlog
C:\Users\George\Desktop\RayTrace\RayTrace\Debug\link.1348-rc.write.1.tlog
C:\Users\George\Desktop\RayTrace\RayTrace\Debug\link.1348.read.1.tlog
C:\Users\George\Desktop\RayTrace\RayTrace\Debug\link.1348.write.1.tlog
C:\Users\George\Desktop\RayTrace\RayTrace\Debug\link.1456-cvtres.read.1.tlog
C:\Users\George\Desktop\RayTrace\RayTrace\Debug\link.1456-cvtres.write.1.tlog
C:\Users\George\Desktop\RayTrace\RayTrace\Debug\link.1456-rc.read.1.tlog
C:\Users\George\Desktop\RayTrace\RayTrace\Debug\link.1456-rc.write.1.tlog
C:\Users\George\Desktop\RayTrace\RayTrace\Debug\link.1456.read.1.tlog
C:\Users\George\Desktop\RayTrace\RayTrace\Debug\link.1456.write.1.tlog
C:\Users\George\Desktop\RayTrace\RayTrace\Debug\link.1476-cvtres.read.1.tlog
C:\Users\George\Desktop\RayTrace\RayTrace\Debug\link.1476-cvtres.write.1.tlog
C:\Users\George\Desktop\RayTrace\RayTrace\Debug\link.1476-rc.read.1.tlog
C:\Users\George\Desktop\RayTrace\RayTrace\Debug\link.1476-rc.write.1.tlog
C:\Users\George\Desktop\RayTrace\RayTrace\Debug\link.1476.read.1.tlog
C:\Users\George\Desktop\RayTrace\RayTrace\Debug\link.1476.write.1.tlog
C:\Users\George\Desktop\RayTrace\RayTrace\Debug\link.1600-cvtres.read.1.tlog
C:\Users\George\Desktop\RayTrace\RayTrace\Debug\link.1600-cvtres.write.1.tlog
C:\Users\George\Desktop\RayTrace\RayTrace\Debug\link.1600-rc.read.1.tlog
C:\Users\George\Desktop\RayTrace\RayTrace\Debug\link.1600-rc.write.1.tlog
C:\Users\George\Desktop\RayTrace\RayTrace\Debug\link.1600.read.1.tlog
C:\Users\George\Desktop\RayTrace\RayTrace\Debug\link.1600.write.1.tlog
C:\Users\George\Desktop\RayTrace\RayTrace\Debug\link.1772-cvtres.read.1.tlog
C:\Users\George\Desktop\RayTrace\RayTrace\Debug\link.1772-cvtres.write.1.tlog
C:\Users\George\Desktop\RayTrace\RayTrace\Debug\link.1772-rc.read.1.tlog
C:\Users\George\Desktop\RayTrace\RayTrace\Debug\link.1772-rc.write.1.tlog
C:\Users\George\Desktop\RayTrace\RayTrace\Debug\link.1772.read.1.tlog
C:\Users\George\Desktop\RayTrace\RayTrace\Debug\link.1772.write.1.tlog
C:\Users\George\Desktop\RayTrace\RayTrace\Debug\link.1860-cvtres.read.1.tlog
C:\Users\George\Desktop\RayTrace\RayTrace\Debug\link.1860-cvtres.write.1.tlog
C:\Users\George\Desktop\RayTrace\RayTrace\Debug\link.1860-rc.read.1.tlog
C:\Users\George\Desktop\RayTrace\RayTrace\Debug\link.1860-rc.write.1.tlog
C:\Users\George\Desktop\RayTrace\RayTrace\Debug\link.1860.read.1.tlog
C:\Users\George\Desktop\RayTrace\RayTrace\Debug\link.1860.write.1.tlog
C:\Users\George\Desktop\RayTrace\RayTrace\Debug\link.1976-cvtres.read.1.tlog
C:\Users\George\Desktop\RayTrace\RayTrace\Debug\link.1976-cvtres.write.1.tlog
C:\Users\George\Desktop\RayTrace\RayTrace\Debug\link.1976-rc.read.1.tlog
C:\Users\George\Desktop\RayTrace\RayTrace\Debug\link.1976-rc.write.1.tlog
C:\Users\George\Desktop\RayTrace\RayTrace\Debug\link.1976.read.1.tlog
C:\Users\George\Desktop\RayTrace\RayTrace\Debug\link.1976.write.1.tlog
C:\Users\George\Desktop\RayTrace\RayTrace\Debug\link.2464-cvtres.read.1.tlog
C:\Users\George\Desktop\RayTrace\RayTrace\Debug\link.2464-cvtres.write.1.tlog
C:\Users\George\Desktop\RayTrace\RayTrace\Debug\link.2464-rc.read.1.tlog
C:\Users\George\Desktop\RayTrace\RayTrace\Debug\link.2464-rc.write.1.tlog
C:\Users\George\Desktop\RayTrace\RayTrace\Debug\link.2464.read.1.tlog
C:\Users\George\Desktop\RayTrace\RayTrace\Debug\link.2464.write.1.tlog
C:\Users\George\Desktop\RayTrace\RayTrace\Debug\link.2648-cvtres.read.1.tlog
C:\Users\George\Desktop\RayTrace\RayTrace\Debug\link.2648-cvtres.write.1.tlog
C:\Users\George\Desktop\RayTrace\RayTrace\Debug\link.2648-rc.read.1.tlog
C:\Users\George\Desktop\RayTrace\RayTrace\Debug\link.2648-rc.write.1.tlog
C:\Users\George\Desktop\RayTrace\RayTrace\Debug\link.2648.read.1.tlog
C:\Users\George\Desktop\RayTrace\RayTrace\Debug\link.2648.write.1.tlog
C:\Users\George\Desktop\RayTrace\RayTrace\Debug\link.2748-cvtres.read.1.tlog
C:\Users\George\Desktop\RayTrace\RayTrace\Debug\link.2748-cvtres.write.1.tlog
C:\Users\George\Desktop\RayTrace\RayTrace\Debug\link.2748-rc.read.1.tlog
C:\Users\George\Desktop\RayTrace\RayTrace\Debug\link.2748-rc.write.1.tlog
C:\Users\George\Desktop\RayTrace\RayTrace\Debug\link.2748.read.1.tlog
C:\Users\George\Desktop\RayTrace\RayTrace\Debug\link.2748.write.1.tlog
C:\Users\George\Desktop\RayTrace\RayTrace\Debug\link.2788-cvtres.read.1.tlog
C:\Users\George\Desktop\RayTrace\RayTrace\Debug\link.2788-cvtres.write.1.tlog
C:\Users\George\Desktop\RayTrace\RayTrace\Debug\link.2788-rc.read.1.tlog
C:\Users\George\Desktop\RayTrace\RayTrace\Debug\link.2788-rc.write.1.tlog
C:\Users\George\Desktop\RayTrace\RayTrace\Debug\link.2788.read.1.tlog
C:\Users\George\Desktop\RayTrace\RayTrace\Debug\link.2788.write.1.tlog
C:\Users\George\Desktop\RayTrace\RayTrace\Debug\link.292-cvtres.read.1.tlog
C:\Users\George\Desktop\RayTrace\RayTrace\Debug\link.292-cvtres.write.1.tlog
C:\Users\George\Desktop\RayTrace\RayTrace\Debug\link.292-rc.read.1.tlog
C:\Users\George\Desktop\RayTrace\RayTrace\Debug\link.292-rc.write.1.tlog
C:\Users\George\Desktop\RayTrace\RayTrace\Debug\link.292.read.1.tlog
C:\Users\George\Desktop\RayTrace\RayTrace\Debug\link.292.write.1.tlog
C:\Users\George\Desktop\RayTrace\RayTrace\Debug\link.3448-cvtres.read.1.tlog
C:\Users\George\Desktop\RayTrace\RayTrace\Debug\link.3448-cvtres.write.1.tlog
C:\Users\George\Desktop\RayTrace\RayTrace\Debug\link.3448-rc.read.1.tlog
C:\Users\George\Desktop\RayTrace\RayTrace\Debug\link.3448-rc.write.1.tlog
C:\Users\George\Desktop\RayTrace\RayTrace\Debug\link.3448.read.1.tlog
C:\Users\George\Desktop\RayTrace\RayTrace\Debug\link.3448.write.1.tlog
C:\Users\George\Desktop\RayTrace\RayTrace\Debug\link.3464-cvtres.read.1.tlog
C:\Users\George\Desktop\RayTrace\RayTrace\Debug\link.3464-cvtres.write.1.tlog
C:\Users\George\Desktop\RayTrace\RayTrace\Debug\link.3464-rc.read.1.tlog
C:\Users\George\Desktop\RayTrace\RayTrace\Debug\link.3464-rc.write.1.tlog
C:\Users\George\Desktop\RayTrace\RayTrace\Debug\link.3464.read.1.tlog
C:\Users\George\Desktop\RayTrace\RayTrace\Debug\link.3464.write.1.tlog
C:\Users\George\Desktop\RayTrace\RayTrace\Debug\link.3624-cvtres.read.1.tlog
C:\Users\George\Desktop\RayTrace\RayTrace\Debug\link.3624-cvtres.write.1.tlog
C:\Users\George\Desktop\RayTrace\RayTrace\Debug\link.3624-rc.read.1.tlog
C:\Users\George\Desktop\RayTrace\RayTrace\Debug\link.3624-rc.write.1.tlog
C:\Users\George\Desktop\RayTrace\RayTrace\Debug\link.3624.read.1.tlog
C:\Users\George\Desktop\RayTrace\RayTrace\Debug\link.3624.write.1.tlog
C:\Users\George\Desktop\RayTrace\RayTrace\Debug\link.3636-cvtres.read.1.tlog
C:\Users\George\Desktop\RayTrace\RayTrace\Debug\link.3636-cvtres.write.1.tlog
C:\Users\George\Desktop\RayTrace\RayTrace\Debug\link.3636-rc.read.1.tlog
C:\Users\George\Desktop\RayTrace\RayTrace\Debug\link.3636-rc.write.1.tlog
C:\Users\George\Desktop\RayTrace\RayTrace\Debug\link.3636.read.1.tlog
C:\Users\George\Desktop\RayTrace\RayTrace\Debug\link.3636.write.1.tlog
C:\Users\George\Desktop\RayTrace\RayTrace\Debug\link.3700-cvtres.read.1.tlog
C:\Users\George\Desktop\RayTrace\RayTrace\Debug\link.3700-cvtres.write.1.tlog
C:\Users\George\Desktop\RayTrace\RayTrace\Debug\link.3700-rc.read.1.tlog
C:\Users\George\Desktop\RayTrace\RayTrace\Debug\link.3700-rc.write.1.tlog
C:\Users\George\Desktop\RayTrace\RayTrace\Debug\link.3700.read.1.tlog
C:\Users\George\Desktop\RayTrace\RayTrace\Debug\link.3700.write.1.tlog
C:\Users\George\Desktop\RayTrace\RayTrace\Debug\link.3956-cvtres.read.1.tlog
C:\Users\George\Desktop\RayTrace\RayTrace\Debug\link.3956-cvtres.write.1.tlog
C:\Users\George\Desktop\RayTrace\RayTrace\Debug\link.3956-rc.read.1.tlog
C:\Users\George\Desktop\RayTrace\RayTrace\Debug\link.3956-rc.write.1.tlog
C:\Users\George\Desktop\RayTrace\RayTrace\Debug\link.3956.read.1.tlog
C:\Users\George\Desktop\RayTrace\RayTrace\Debug\link.3956.write.1.tlog
C:\Users\George\Desktop\RayTrace\RayTrace\Debug\link.3976-cvtres.read.1.tlog
C:\Users\George\Desktop\RayTrace\RayTrace\Debug\link.3976-cvtres.write.1.tlog
C:\Users\George\Desktop\RayTrace\RayTrace\Debug\link.3976-rc.read.1.tlog
C:\Users\George\Desktop\RayTrace\RayTrace\Debug\link.3976-rc.write.1.tlog
C:\Users\George\Desktop\RayTrace\RayTrace\Debug\link.3976.read.1.tlog
C:\Users\George\Desktop\RayTrace\RayTrace\Debug\link.3976.write.1.tlog
C:\Users\George\Desktop\RayTrace\RayTrace\Debug\link.4084-cvtres.read.1.tlog
C:\Users\George\Desktop\RayTrace\RayTrace\Debug\link.4084-cvtres.write.1.tlog
C:\Users\George\Desktop\RayTrace\RayTrace\Debug\link.4084-rc.read.1.tlog
C:\Users\George\Desktop\RayTrace\RayTrace\Debug\link.4084-rc.write.1.tlog
C:\Users\George\Desktop\RayTrace\RayTrace\Debug\link.4084.read.1.tlog
C:\Users\George\Desktop\RayTrace\RayTrace\Debug\link.4084.write.1.tlog
C:\Users\George\Desktop\RayTrace\RayTrace\Debug\link.4104-cvtres.read.1.tlog
C:\Users\George\Desktop\RayTrace\RayTrace\Debug\link.4104-cvtres.write.1.tlog
C:\Users\George\Desktop\RayTrace\RayTrace\Debug\link.4104-rc.read.1.tlog
C:\Users\George\Desktop\RayTrace\RayTrace\Debug\link.4104-rc.write.1.tlog
C:\Users\George\Desktop\RayTrace\RayTrace\Debug\link.4104.read.1.tlog
C:\Users\George\Desktop\RayTrace\RayTrace\Debug\link.4104.write.1.tlog
C:\Users\George\Desktop\RayTrace\RayTrace\Debug\link.4144-cvtres.read.1.tlog
C:\Users\George\Desktop\RayTrace\RayTrace\Debug\link.4144-cvtres.write.1.tlog
C:\Users\George\Desktop\RayTrace\RayTrace\Debug\link.4144-rc.read.1.tlog
C:\Users\George\Desktop\RayTrace\RayTrace\Debug\link.4144-rc.write.1.tlog
C:\Users\George\Desktop\RayTrace\RayTrace\Debug\link.4144.read.1.tlog
C:\Users\George\Desktop\RayTrace\RayTrace\Debug\link.4144.write.1.tlog
C:\Users\George\Desktop\RayTrace\RayTrace\Debug\link.4264-cvtres.read.1.tlog
C:\Users\George\Desktop\RayTrace\RayTrace\Debug\link.4264-cvtres.write.1.tlog
C:\Users\George\Desktop\RayTrace\RayTrace\Debug\link.4264-rc.read.1.tlog
C:\Users\George\Desktop\RayTrace\RayTrace\Debug\link.4264-rc.write.1.tlog
C:\Users\George\Desktop\RayTrace\RayTrace\Debug\link.4264.read.1.tlog
C:\Users\George\Desktop\RayTrace\RayTrace\Debug\link.4264.write.1.tlog
C:\Users\George\Desktop\RayTrace\RayTrace\Debug\link.4332-cvtres.read.1.tlog
C:\Users\George\Desktop\RayTrace\RayTrace\Debug\link.4332-cvtres.write.1.tlog
C:\Users\George\Desktop\RayTrace\RayTrace\Debug\link.4332-rc.read.1.tlog
C:\Users\George\Desktop\RayTrace\RayTrace\Debug\link.4332-rc.write.1.tlog
C:\Users\George\Desktop\RayTrace\RayTrace\Debug\link.4332.read.1.tlog
C:\Users\George\Desktop\RayTrace\RayTrace\Debug\link.4332.write.1.tlog
C:\Users\George\Desktop\RayTrace\RayTrace\Debug\link.4336-cvtres.read.1.tlog
C:\Users\George\Desktop\RayTrace\RayTrace\Debug\link.4336-cvtres.write.1.tlog
C:\Users\George\Desktop\RayTrace\RayTrace\Debug\link.4336-rc.read.1.tlog
C:\Users\George\Desktop\RayTrace\RayTrace\Debug\link.4336-rc.write.1.tlog
C:\Users\George\Desktop\RayTrace\RayTrace\Debug\link.4336.read.1.tlog
C:\Users\George\Desktop\RayTrace\RayTrace\Debug\link.4336.write.1.tlog
C:\Users\George\Desktop\RayTrace\RayTrace\Debug\link.4428-cvtres.read.1.tlog
C:\Users\George\Desktop\RayTrace\RayTrace\Debug\link.4428-cvtres.write.1.tlog
C:\Users\George\Desktop\RayTrace\RayTrace\Debug\link.4428-rc.read.1.tlog
C:\Users\George\Desktop\RayTrace\RayTrace\Debug\link.4428-rc.write.1.tlog
C:\Users\George\Desktop\RayTrace\RayTrace\Debug\link.4428.read.1.tlog
C:\Users\George\Desktop\RayTrace\RayTrace\Debug\link.4428.write.1.tlog
C:\Users\George\Desktop\RayTrace\RayTrace\Debug\link.4444-cvtres.read.1.tlog
C:\Users\George\Desktop\RayTrace\RayTrace\Debug\link.4444-cvtres.write.1.tlog
C:\Users\George\Desktop\RayTrace\RayTrace\Debug\link.4444-rc.read.1.tlog
C:\Users\George\Desktop\RayTrace\RayTrace\Debug\link.4444-rc.write.1.tlog
C:\Users\George\Desktop\RayTrace\RayTrace\Debug\link.4444.read.1.tlog
C:\Users\George\Desktop\RayTrace\RayTrace\Debug\link.4444.write.1.tlog
C:\Users\George\Desktop\RayTrace\RayTrace\Debug\link.4516-cvtres.read.1.tlog
C:\Users\George\Desktop\RayTrace\RayTrace\Debug\link.4516-cvtres.write.1.tlog
C:\Users\George\Desktop\RayTrace\RayTrace\Debug\link.4516-rc.read.1.tlog
C:\Users\George\Desktop\RayTrace\RayTrace\Debug\link.4516-rc.write.1.tlog
C:\Users\George\Desktop\RayTrace\RayTrace\Debug\link.4516.read.1.tlog
C:\Users\George\Desktop\RayTrace\RayTrace\Debug\link.4516.write.1.tlog
C:\Users\George\Desktop\RayTrace\RayTrace\Debug\link.4720-cvtres.read.1.tlog
C:\Users\George\Desktop\RayTrace\RayTrace\Debug\link.4720-cvtres.write.1.tlog
C:\Users\George\Desktop\RayTrace\RayTrace\Debug\link.4720-rc.read.1.tlog
C:\Users\George\Desktop\RayTrace\RayTrace\Debug\link.4720-rc.write.1.tlog
C:\Users\George\Desktop\RayTrace\RayTrace\Debug\link.4720.read.1.tlog
C:\Users\George\Desktop\RayTrace\RayTrace\Debug\link.4720.write.1.tlog
C:\Users\George\Desktop\RayTrace\RayTrace\Debug\link.4780-cvtres.read.1.tlog
C:\Users\George\Desktop\RayTrace\RayTrace\Debug\link.4780-cvtres.write.1.tlog
C:\Users\George\Desktop\RayTrace\RayTrace\Debug\link.4780-rc.read.1.tlog
C:\Users\George\Desktop\RayTrace\RayTrace\Debug\link.4780-rc.write.1.tlog
C:\Users\George\Desktop\RayTrace\RayTrace\Debug\link.4780.read.1.tlog
C:\Users\George\Desktop\RayTrace\RayTrace\Debug\link.4780.write.1.tlog
C:\Users\George\Desktop\RayTrace\RayTrace\Debug\link.4792-cvtres.read.1.tlog
C:\Users\George\Desktop\RayTrace\RayTrace\Debug\link.4792-cvtres.write.1.tlog
C:\Users\George\Desktop\RayTrace\RayTrace\Debug\link.4792-rc.read.1.tlog
C:\Users\George\Desktop\RayTrace\RayTrace\Debug\link.4792-rc.write.1.tlog
C:\Users\George\Desktop\RayTrace\RayTrace\Debug\link.4792.read.1.tlog
C:\Users\George\Desktop\RayTrace\RayTrace\Debug\link.4792.write.1.tlog
C:\Users\George\Desktop\RayTrace\RayTrace\Debug\link.4868-cvtres.read.1.tlog
C:\Users\George\Desktop\RayTrace\RayTrace\Debug\link.4868-cvtres.write.1.tlog
C:\Users\George\Desktop\RayTrace\RayTrace\Debug\link.4868-rc.read.1.tlog
C:\Users\George\Desktop\RayTrace\RayTrace\Debug\link.4868-rc.write.1.tlog
C:\Users\George\Desktop\RayTrace\RayTrace\Debug\link.4868.read.1.tlog
C:\Users\George\Desktop\RayTrace\RayTrace\Debug\link.4868.write.1.tlog
C:\Users\George\Desktop\RayTrace\RayTrace\Debug\link.5028-cvtres.read.1.tlog
C:\Users\George\Desktop\RayTrace\RayTrace\Debug\link.5028-cvtres.write.1.tlog
C:\Users\George\Desktop\RayTrace\RayTrace\Debug\link.5028-rc.read.1.tlog
C:\Users\George\Desktop\RayTrace\RayTrace\Debug\link.5028-rc.write.1.tlog
C:\Users\George\Desktop\RayTrace\RayTrace\Debug\link.5028.read.1.tlog
C:\Users\George\Desktop\RayTrace\RayTrace\Debug\link.5028.write.1.tlog
C:\Users\George\Desktop\RayTrace\RayTrace\Debug\link.5036-cvtres.read.1.tlog
C:\Users\George\Desktop\RayTrace\RayTrace\Debug\link.5036-cvtres.write.1.tlog
C:\Users\George\Desktop\RayTrace\RayTrace\Debug\link.5036-rc.read.1.tlog
C:\Users\George\Desktop\RayTrace\RayTrace\Debug\link.5036-rc.write.1.tlog
C:\Users\George\Desktop\RayTrace\RayTrace\Debug\link.5036.read.1.tlog
C:\Users\George\Desktop\RayTrace\RayTrace\Debug\link.5036.write.1.tlog
C:\Users\George\Desktop\RayTrace\RayTrace\Debug\link.5088-cvtres.read.1.tlog
C:\Users\George\Desktop\RayTrace\RayTrace\Debug\link.5088-cvtres.write.1.tlog
C:\Users\George\Desktop\RayTrace\RayTrace\Debug\link.5088-rc.read.1.tlog
C:\Users\George\Desktop\RayTrace\RayTrace\Debug\link.5088-rc.write.1.tlog
C:\Users\George\Desktop\RayTrace\RayTrace\Debug\link.5088.read.1.tlog
C:\Users\George\Desktop\RayTrace\RayTrace\Debug\link.5088.write.1.tlog
C:\Users\George\Desktop\RayTrace\RayTrace\Debug\link.5108-cvtres.read.1.tlog
C:\Users\George\Desktop\RayTrace\RayTrace\Debug\link.5108-cvtres.write.1.tlog
C:\Users\George\Desktop\RayTrace\RayTrace\Debug\link.5108-rc.read.1.tlog
C:\Users\George\Desktop\RayTrace\RayTrace\Debug\link.5108-rc.write.1.tlog
C:\Users\George\Desktop\RayTrace\RayTrace\Debug\link.5108.read.1.tlog
C:\Users\George\Desktop\RayTrace\RayTrace\Debug\link.5108.write.1.tlog
C:\Users\George\Desktop\RayTrace\RayTrace\Debug\link.5116-cvtres.read.1.tlog
C:\Users\George\Desktop\RayTrace\RayTrace\Debug\link.5116-cvtres.write.1.tlog
C:\Users\George\Desktop\RayTrace\RayTrace\Debug\link.5116-rc.read.1.tlog
C:\Users\George\Desktop\RayTrace\RayTrace\Debug\link.5116-rc.write.1.tlog
C:\Users\George\Desktop\RayTrace\RayTrace\Debug\link.5116.read.1.tlog
C:\Users\George\Desktop\RayTrace\RayTrace\Debug\link.5116.write.1.tlog
C:\Users\George\Desktop\RayTrace\RayTrace\Debug\link.5212-cvtres.read.1.tlog
C:\Users\George\Desktop\RayTrace\RayTrace\Debug\link.5212-cvtres.write.1.tlog
C:\Users\George\Desktop\RayTrace\RayTrace\Debug\link.5212-rc.read.1.tlog
C:\Users\George\Desktop\RayTrace\RayTrace\Debug\link.5212-rc.write.1.tlog
C:\Users\George\Desktop\RayTrace\RayTrace\Debug\link.5212.read.1.tlog
C:\Users\George\Desktop\RayTrace\RayTrace\Debug\link.5212.write.1.tlog
C:\Users\George\Desktop\RayTrace\RayTrace\Debug\link.5216-cvtres.read.1.tlog
C:\Users\George\Desktop\RayTrace\RayTrace\Debug\link.5216-cvtres.write.1.tlog
C:\Users\George\Desktop\RayTrace\RayTrace\Debug\link.5216-rc.read.1.tlog
C:\Users\George\Desktop\RayTrace\RayTrace\Debug\link.5216-rc.write.1.tlog
C:\Users\George\Desktop\RayTrace\RayTrace\Debug\link.5216.read.1.tlog
C:\Users\George\Desktop\RayTrace\RayTrace\Debug\link.5216.write.1.tlog
C:\Users\George\Desktop\RayTrace\RayTrace\Debug\link.5248-cvtres.read.1.tlog
C:\Users\George\Desktop\RayTrace\RayTrace\Debug\link.5248-cvtres.write.1.tlog
C:\Users\George\Desktop\RayTrace\RayTrace\Debug\link.5248-rc.read.1.tlog
C:\Users\George\Desktop\RayTrace\RayTrace\Debug\link.5248-rc.write.1.tlog
C:\Users\George\Desktop\RayTrace\RayTrace\Debug\link.5248.read.1.tlog
C:\Users\George\Desktop\RayTrace\RayTrace\Debug\link.5248.write.1.tlog
C:\Users\George\Desktop\RayTrace\RayTrace\Debug\link.5304-cvtres.read.1.tlog
C:\Users\George\Desktop\RayTrace\RayTrace\Debug\link.5304-cvtres.write.1.tlog
C:\Users\George\Desktop\RayTrace\RayTrace\Debug\link.5304-rc.read.1.tlog
C:\Users\George\Desktop\RayTrace\RayTrace\Debug\link.5304-rc.write.1.tlog
C:\Users\George\Desktop\RayTrace\RayTrace\Debug\link.5304.read.1.tlog
C:\Users\George\Desktop\RayTrace\RayTrace\Debug\link.5304.write.1.tlog
C:\Users\George\Desktop\RayTrace\RayTrace\Debug\link.5348-cvtres.read.1.tlog
C:\Users\George\Desktop\RayTrace\RayTrace\Debug\link.5348-cvtres.write.1.tlog
C:\Users\George\Desktop\RayTrace\RayTrace\Debug\link.5348-rc.read.1.tlog
C:\Users\George\Desktop\RayTrace\RayTrace\Debug\link.5348-rc.write.1.tlog
C:\Users\George\Desktop\RayTrace\RayTrace\Debug\link.5348.read.1.tlog
C:\Users\George\Desktop\RayTrace\RayTrace\Debug\link.5348.write.1.tlog
C:\Users\George\Desktop\RayTrace\RayTrace\Debug\link.5384-cvtres.read.1.tlog
C:\Users\George\Desktop\RayTrace\RayTrace\Debug\link.5384-cvtres.write.1.tlog
C:\Users\George\Desktop\RayTrace\RayTrace\Debug\link.5384-rc.read.1.tlog
C:\Users\George\Desktop\RayTrace\RayTrace\Debug\link.5384-rc.write.1.tlog
C:\Users\George\Desktop\RayTrace\RayTrace\Debug\link.5384.read.1.tlog
C:\Users\George\Desktop\RayTrace\RayTrace\Debug\link.5384.write.1.tlog
C:\Users\George\Desktop\RayTrace\RayTrace\Debug\link.5420-cvtres.read.1.tlog
C:\Users\George\Desktop\RayTrace\RayTrace\Debug\link.5420-cvtres.write.1.tlog
C:\Users\George\Desktop\RayTrace\RayTrace\Debug\link.5420-rc.read.1.tlog
C:\Users\George\Desktop\RayTrace\RayTrace\Debug\link.5420-rc.write.1.tlog
C:\Users\George\Desktop\RayTrace\RayTrace\Debug\link.5420.read.1.tlog
C:\Users\George\Desktop\RayTrace\RayTrace\Debug\link.5420.write.1.tlog
C:\Users\George\Desktop\RayTrace\RayTrace\Debug\link.5480-cvtres.read.1.tlog
C:\Users\George\Desktop\RayTrace\RayTrace\Debug\link.5480-cvtres.write.1.tlog
C:\Users\George\Desktop\RayTrace\RayTrace\Debug\link.5480-rc.read.1.tlog
C:\Users\George\Desktop\RayTrace\RayTrace\Debug\link.5480-rc.write.1.tlog
C:\Users\George\Desktop\RayTrace\RayTrace\Debug\link.5480.read.1.tlog
C:\Users\George\Desktop\RayTrace\RayTrace\Debug\link.5480.write.1.tlog
C:\Users\George\Desktop\RayTrace\RayTrace\Debug\link.5540-cvtres.read.1.tlog
C:\Users\George\Desktop\RayTrace\RayTrace\Debug\link.5540-cvtres.write.1.tlog
C:\Users\George\Desktop\RayTrace\RayTrace\Debug\link.5540-rc.read.1.tlog
C:\Users\George\Desktop\RayTrace\RayTrace\Debug\link.5540-rc.write.1.tlog
C:\Users\George\Desktop\RayTrace\RayTrace\Debug\link.5540.read.1.tlog
C:\Users\George\Desktop\RayTrace\RayTrace\Debug\link.5540.write.1.tlog
C:\Users\George\Desktop\RayTrace\RayTrace\Debug\link.5544-cvtres.read.1.tlog
C:\Users\George\Desktop\RayTrace\RayTrace\Debug\link.5544-cvtres.write.1.tlog
C:\Users\George\Desktop\RayTrace\RayTrace\Debug\link.5544-rc.read.1.tlog
C:\Users\George\Desktop\RayTrace\RayTrace\Debug\link.5544-rc.write.1.tlog
C:\Users\George\Desktop\RayTrace\RayTrace\Debug\link.5544.read.1.tlog
C:\Users\George\Desktop\RayTrace\RayTrace\Debug\link.5544.write.1.tlog
C:\Users\George\Desktop\RayTrace\RayTrace\Debug\link.5596-cvtres.read.1.tlog
C:\Users\George\Desktop\RayTrace\RayTrace\Debug\link.5596-cvtres.write.1.tlog
C:\Users\George\Desktop\RayTrace\RayTrace\Debug\link.5596-rc.read.1.tlog
C:\Users\George\Desktop\RayTrace\RayTrace\Debug\link.5596-rc.write.1.tlog
C:\Users\George\Desktop\RayTrace\RayTrace\Debug\link.5596.read.1.tlog
C:\Users\George\Desktop\RayTrace\RayTrace\Debug\link.5596.write.1.tlog
C:\Users\George\Desktop\RayTrace\RayTrace\Debug\link.5604-cvtres.read.1.tlog
C:\Users\George\Desktop\RayTrace\RayTrace\Debug\link.5604-cvtres.write.1.tlog
C:\Users\George\Desktop\RayTrace\RayTrace\Debug\link.5604-rc.read.1.tlog
C:\Users\George\Desktop\RayTrace\RayTrace\Debug\link.5604-rc.write.1.tlog
C:\Users\George\Desktop\RayTrace\RayTrace\Debug\link.5604.read.1.tlog
C:\Users\George\Desktop\RayTrace\RayTrace\Debug\link.5604.write.1.tlog
C:\Users\George\Desktop\RayTrace\RayTrace\Debug\link.5612-cvtres.read.1.tlog
C:\Users\George\Desktop\RayTrace\RayTrace\Debug\link.5612-cvtres.write.1.tlog
C:\Users\George\Desktop\RayTrace\RayTrace\Debug\link.5612-rc.read.1.tlog
C:\Users\George\Desktop\RayTrace\RayTrace\Debug\link.5612-rc.write.1.tlog
C:\Users\George\Desktop\RayTrace\RayTrace\Debug\link.5612.read.1.tlog
C:\Users\George\Desktop\RayTrace\RayTrace\Debug\link.5612.write.1.tlog
C:\Users\George\Desktop\RayTrace\RayTrace\Debug\link.5644-cvtres.read.1.tlog
C:\Users\George\Desktop\RayTrace\RayTrace\Debug\link.5644-cvtres.write.1.tlog
C:\Users\George\Desktop\RayTrace\RayTrace\Debug\link.5644-rc.read.1.tlog
C:\Users\George\Desktop\RayTrace\RayTrace\Debug\link.5644-rc.write.1.tlog
C:\Users\George\Desktop\RayTrace\RayTrace\Debug\link.5644.read.1.tlog
C:\Users\George\Desktop\RayTrace\RayTrace\Debug\link.5644.write.1.tlog
C:\Users\George\Desktop\RayTrace\RayTrace\Debug\link.5648-cvtres.read.1.tlog
C:\Users\George\Desktop\RayTrace\RayTrace\Debug\link.5648-cvtres.write.1.tlog
C:\Users\George\Desktop\RayTrace\RayTrace\Debug\link.5648-rc.read.1.tlog
C:\Users\George\Desktop\RayTrace\RayTrace\Debug\link.5648-rc.write.1.tlog
C:\Users\George\Desktop\RayTrace\RayTrace\Debug\link.5648.read.1.tlog
C:\Users\George\Desktop\RayTrace\RayTrace\Debug\link.5648.write.1.tlog
C:\Users\George\Desktop\RayTrace\RayTrace\Debug\link.5660-cvtres.read.1.tlog
C:\Users\George\Desktop\RayTrace\RayTrace\Debug\link.5660-cvtres.write.1.tlog
C:\Users\George\Desktop\RayTrace\RayTrace\Debug\link.5660-rc.read.1.tlog
C:\Users\George\Desktop\RayTrace\RayTrace\Debug\link.5660-rc.write.1.tlog
C:\Users\George\Desktop\RayTrace\RayTrace\Debug\link.5660.read.1.tlog
C:\Users\George\Desktop\RayTrace\RayTrace\Debug\link.5660.write.1.tlog
C:\Users\George\Desktop\RayTrace\RayTrace\Debug\link.5740-cvtres.read.1.tlog
C:\Users\George\Desktop\RayTrace\RayTrace\Debug\link.5740-cvtres.write.1.tlog
C:\Users\George\Desktop\RayTrace\RayTrace\Debug\link.5740-rc.read.1.tlog
C:\Users\George\Desktop\RayTrace\RayTrace\Debug\link.5740-rc.write.1.tlog
C:\Users\George\Desktop\RayTrace\RayTrace\Debug\link.5740.read.1.tlog
C:\Users\George\Desktop\RayTrace\RayTrace\Debug\link.5740.write.1.tlog
C:\Users\George\Desktop\RayTrace\RayTrace\Debug\link.5768-cvtres.read.1.tlog
C:\Users\George\Desktop\RayTrace\RayTrace\Debug\link.5768-cvtres.write.1.tlog
C:\Users\George\Desktop\RayTrace\RayTrace\Debug\link.5768-rc.read.1.tlog
C:\Users\George\Desktop\RayTrace\RayTrace\Debug\link.5768-rc.write.1.tlog
C:\Users\George\Desktop\RayTrace\RayTrace\Debug\link.5768.read.1.tlog
C:\Users\George\Desktop\RayTrace\RayTrace\Debug\link.5768.write.1.tlog
C:\Users\George\Desktop\RayTrace\RayTrace\Debug\link.5800-cvtres.read.1.tlog
C:\Users\George\Desktop\RayTrace\RayTrace\Debug\link.5800-cvtres.write.1.tlog
C:\Users\George\Desktop\RayTrace\RayTrace\Debug\link.5800-rc.read.1.tlog
C:\Users\George\Desktop\RayTrace\RayTrace\Debug\link.5800-rc.write.1.tlog
C:\Users\George\Desktop\RayTrace\RayTrace\Debug\link.5800.read.1.tlog
C:\Users\George\Desktop\RayTrace\RayTrace\Debug\link.5800.write.1.tlog
C:\Users\George\Desktop\RayTrace\RayTrace\Debug\link.5864-cvtres.read.1.tlog
C:\Users\George\Desktop\RayTrace\RayTrace\Debug\link.5864-cvtres.write.1.tlog
C:\Users\George\Desktop\RayTrace\RayTrace\Debug\link.5864-rc.read.1.tlog
C:\Users\George\Desktop\RayTrace\RayTrace\Debug\link.5864-rc.write.1.tlog
C:\Users\George\Desktop\RayTrace\RayTrace\Debug\link.5864.read.1.tlog
C:\Users\George\Desktop\RayTrace\RayTrace\Debug\link.5864.write.1.tlog
C:\Users\George\Desktop\RayTrace\RayTrace\Debug\link.5916-cvtres.read.1.tlog
C:\Users\George\Desktop\RayTrace\RayTrace\Debug\link.5916-cvtres.write.1.tlog
C:\Users\George\Desktop\RayTrace\RayTrace\Debug\link.5916-rc.read.1.tlog
C:\Users\George\Desktop\RayTrace\RayTrace\Debug\link.5916-rc.write.1.tlog
C:\Users\George\Desktop\RayTrace\RayTrace\Debug\link.5916.read.1.tlog
C:\Users\George\Desktop\RayTrace\RayTrace\Debug\link.5916.write.1.tlog
C:\Users\George\Desktop\RayTrace\RayTrace\Debug\link.5940-cvtres.read.1.tlog
C:\Users\George\Desktop\RayTrace\RayTrace\Debug\link.5940-cvtres.write.1.tlog
C:\Users\George\Desktop\RayTrace\RayTrace\Debug\link.5940-rc.read.1.tlog
C:\Users\George\Desktop\RayTrace\RayTrace\Debug\link.5940-rc.write.1.tlog
C:\Users\George\Desktop\RayTrace\RayTrace\Debug\link.5940.read.1.tlog
C:\Users\George\Desktop\RayTrace\RayTrace\Debug\link.5940.write.1.tlog
C:\Users\George\Desktop\RayTrace\RayTrace\Debug\link.5964-cvtres.read.1.tlog
C:\Users\George\Desktop\RayTrace\RayTrace\Debug\link.5964-cvtres.write.1.tlog
C:\Users\George\Desktop\RayTrace\RayTrace\Debug\link.5964-rc.read.1.tlog
C:\Users\George\Desktop\RayTrace\RayTrace\Debug\link.5964-rc.write.1.tlog
C:\Users\George\Desktop\RayTrace\RayTrace\Debug\link.5964.read.1.tlog
C:\Users\George\Desktop\RayTrace\RayTrace\Debug\link.5964.write.1.tlog
C:\Users\George\Desktop\RayTrace\RayTrace\Debug\link.5968-cvtres.read.1.tlog
C:\Users\George\Desktop\RayTrace\RayTrace\Debug\link.5968-cvtres.write.1.tlog
C:\Users\George\Desktop\RayTrace\RayTrace\Debug\link.5968-rc.read.1.tlog
C:\Users\George\Desktop\RayTrace\RayTrace\Debug\link.5968-rc.write.1.tlog
C:\Users\George\Desktop\RayTrace\RayTrace\Debug\link.5968.read.1.tlog
C:\Users\George\Desktop\RayTrace\RayTrace\Debug\link.5968.write.1.tlog
C:\Users\George\Desktop\RayTrace\RayTrace\Debug\link.6012-cvtres.read.1.tlog
C:\Users\George\Desktop\RayTrace\RayTrace\Debug\link.6012-cvtres.write.1.tlog
C:\Users\George\Desktop\RayTrace\RayTrace\Debug\link.6012-rc.read.1.tlog
C:\Users\George\Desktop\RayTrace\RayTrace\Debug\link.6012-rc.write.1.tlog
C:\Users\George\Desktop\RayTrace\RayTrace\Debug\link.6012.read.1.tlog
C:\Users\George\Desktop\RayTrace\RayTrace\Debug\link.6012.write.1.tlog
C:\Users\George\Desktop\RayTrace\RayTrace\Debug\link.6016-cvtres.read.1.tlog
C:\Users\George\Desktop\RayTrace\RayTrace\Debug\link.6016-cvtres.write.1.tlog
C:\Users\George\Desktop\RayTrace\RayTrace\Debug\link.6016-rc.read.1.tlog
C:\Users\George\Desktop\RayTrace\RayTrace\Debug\link.6016-rc.write.1.tlog
C:\Users\George\Desktop\RayTrace\RayTrace\Debug\link.6016.read.1.tlog
C:\Users\George\Desktop\RayTrace\RayTrace\Debug\link.6016.write.1.tlog
C:\Users\George\Desktop\RayTrace\RayTrace\Debug\link.6028-cvtres.read.1.tlog
C:\Users\George\Desktop\RayTrace\RayTrace\Debug\link.6028-cvtres.write.1.tlog
C:\Users\George\Desktop\RayTrace\RayTrace\Debug\link.6028-rc.read.1.tlog
C:\Users\George\Desktop\RayTrace\RayTrace\Debug\link.6028-rc.write.1.tlog
C:\Users\George\Desktop\RayTrace\RayTrace\Debug\link.6028.read.1.tlog
C:\Users\George\Desktop\RayTrace\RayTrace\Debug\link.6028.write.1.tlog
C:\Users\George\Desktop\RayTrace\RayTrace\Debug\link.6056-cvtres.read.1.tlog
C:\Users\George\Desktop\RayTrace\RayTrace\Debug\link.6056-cvtres.write.1.tlog
C:\Users\George\Desktop\RayTrace\RayTrace\Debug\link.6056-rc.read.1.tlog
C:\Users\George\Desktop\RayTrace\RayTrace\Debug\link.6056-rc.write.1.tlog
C:\Users\George\Desktop\RayTrace\RayTrace\Debug\link.6056.read.1.tlog
C:\Users\George\Desktop\RayTrace\RayTrace\Debug\link.6056.write.1.tlog
C:\Users\George\Desktop\RayTrace\RayTrace\Debug\link.6068-cvtres.read.1.tlog
C:\Users\George\Desktop\RayTrace\RayTrace\Debug\link.6068-cvtres.write.1.tlog
C:\Users\George\Desktop\RayTrace\RayTrace\Debug\link.6068-rc.read.1.tlog
C:\Users\George\Desktop\RayTrace\RayTrace\Debug\link.6068-rc.write.1.tlog
C:\Users\George\Desktop\RayTrace\RayTrace\Debug\link.6068.read.1.tlog
C:\Users\George\Desktop\RayTrace\RayTrace\Debug\link.6068.write.1.tlog
C:\Users\George\Desktop\RayTrace\RayTrace\Debug\link.6088-cvtres.read.1.tlog
C:\Users\George\Desktop\RayTrace\RayTrace\Debug\link.6088-cvtres.write.1.tlog
C:\Users\George\Desktop\RayTrace\RayTrace\Debug\link.6088-rc.read.1.tlog
C:\Users\George\Desktop\RayTrace\RayTrace\Debug\link.6088-rc.write.1.tlog
C:\Users\George\Desktop\RayTrace\RayTrace\Debug\link.6088.read.1.tlog
C:\Users\George\Desktop\RayTrace\RayTrace\Debug\link.6088.write.1.tlog
C:\Users\George\Desktop\RayTrace\RayTrace\Debug\link.6096-cvtres.read.1.tlog
C:\Users\George\Desktop\RayTrace\RayTrace\Debug\link.6096-cvtres.write.1.tlog
C:\Users\George\Desktop\RayTrace\RayTrace\Debug\link.6096-rc.read.1.tlog
C:\Users\George\Desktop\RayTrace\RayTrace\Debug\link.6096-rc.write.1.tlog
C:\Users\George\Desktop\RayTrace\RayTrace\Debug\link.6096.read.1.tlog
C:\Users\George\Desktop\RayTrace\RayTrace\Debug\link.6096.write.1.tlog
C:\Users\George\Desktop\RayTrace\RayTrace\Debug\link.6120-cvtres.read.1.tlog
C:\Users\George\Desktop\RayTrace\RayTrace\Debug\link.6120-cvtres.write.1.tlog
C:\Users\George\Desktop\RayTrace\RayTrace\Debug\link.6120-rc.read.1.tlog
C:\Users\George\Desktop\RayTrace\RayTrace\Debug\link.6120-rc.write.1.tlog
C:\Users\George\Desktop\RayTrace\RayTrace\Debug\link.6120.read.1.tlog
C:\Users\George\Desktop\RayTrace\RayTrace\Debug\link.6120.write.1.tlog
C:\Users\George\Desktop\RayTrace\RayTrace\Debug\link.6260-cvtres.read.1.tlog
C:\Users\George\Desktop\RayTrace\RayTrace\Debug\link.6260-cvtres.write.1.tlog
C:\Users\George\Desktop\RayTrace\RayTrace\Debug\link.6260-rc.read.1.tlog
C:\Users\George\Desktop\RayTrace\RayTrace\Debug\link.6260-rc.write.1.tlog
C:\Users\George\Desktop\RayTrace\RayTrace\Debug\link.6260.read.1.tlog
C:\Users\George\Desktop\RayTrace\RayTrace\Debug\link.6260.write.1.tlog
C:\Users\George\Desktop\RayTrace\RayTrace\Debug\link.6368-cvtres.read.1.tlog
C:\Users\George\Desktop\RayTrace\RayTrace\Debug\link.6368-cvtres.write.1.tlog
C:\Users\George\Desktop\RayTrace\RayTrace\Debug\link.6368-rc.read.1.tlog
C:\Users\George\Desktop\RayTrace\RayTrace\Debug\link.6368-rc.write.1.tlog
C:\Users\George\Desktop\RayTrace\RayTrace\Debug\link.6368.read.1.tlog
C:\Users\George\Desktop\RayTrace\RayTrace\Debug\link.6368.write.1.tlog
C:\Users\George\Desktop\RayTrace\RayTrace\Debug\link.6392-cvtres.read.1.tlog
C:\Users\George\Desktop\RayTrace\RayTrace\Debug\link.6392-cvtres.write.1.tlog
C:\Users\George\Desktop\RayTrace\RayTrace\Debug\link.6392-rc.read.1.tlog
C:\Users\George\Desktop\RayTrace\RayTrace\Debug\link.6392-rc.write.1.tlog
C:\Users\George\Desktop\RayTrace\RayTrace\Debug\link.6392.read.1.tlog
C:\Users\George\Desktop\RayTrace\RayTrace\Debug\link.6392.write.1.tlog
C:\Users\George\Desktop\RayTrace\RayTrace\Debug\link.6408-cvtres.read.1.tlog
C:\Users\George\Desktop\RayTrace\RayTrace\Debug\link.6408-cvtres.write.1.tlog
C:\Users\George\Desktop\RayTrace\RayTrace\Debug\link.6408-rc.read.1.tlog
C:\Users\George\Desktop\RayTrace\RayTrace\Debug\link.6408-rc.write.1.tlog
C:\Users\George\Desktop\RayTrace\RayTrace\Debug\link.6408.read.1.tlog
C:\Users\George\Desktop\RayTrace\RayTrace\Debug\link.6408.write.1.tlog
C:\Users\George\Desktop\RayTrace\RayTrace\Debug\link.6464-cvtres.read.1.tlog
C:\Users\George\Desktop\RayTrace\RayTrace\Debug\link.6464-cvtres.write.1.tlog
C:\Users\George\Desktop\RayTrace\RayTrace\Debug\link.6464-rc.read.1.tlog
C:\Users\George\Desktop\RayTrace\RayTrace\Debug\link.6464-rc.write.1.tlog
C:\Users\George\Desktop\RayTrace\RayTrace\Debug\link.6464.read.1.tlog
C:\Users\George\Desktop\RayTrace\RayTrace\Debug\link.6464.write.1.tlog
C:\Users\George\Desktop\RayTrace\RayTrace\Debug\link.6468-cvtres.read.1.tlog
C:\Users\George\Desktop\RayTrace\RayTrace\Debug\link.6468-cvtres.write.1.tlog
C:\Users\George\Desktop\RayTrace\RayTrace\Debug\link.6468-rc.read.1.tlog
C:\Users\George\Desktop\RayTrace\RayTrace\Debug\link.6468-rc.write.1.tlog
C:\Users\George\Desktop\RayTrace\RayTrace\Debug\link.6468.read.1.tlog
C:\Users\George\Desktop\RayTrace\RayTrace\Debug\link.6468.write.1.tlog
C:\Users\George\Desktop\RayTrace\RayTrace\Debug\link.6568-cvtres.read.1.tlog
C:\Users\George\Desktop\RayTrace\RayTrace\Debug\link.6568-cvtres.write.1.tlog
C:\Users\George\Desktop\RayTrace\RayTrace\Debug\link.6568-rc.read.1.tlog
C:\Users\George\Desktop\RayTrace\RayTrace\Debug\link.6568-rc.write.1.tlog
C:\Users\George\Desktop\RayTrace\RayTrace\Debug\link.6568.read.1.tlog
C:\Users\George\Desktop\RayTrace\RayTrace\Debug\link.6568.write.1.tlog
C:\Users\George\Desktop\RayTrace\RayTrace\Debug\link.6652-cvtres.read.1.tlog
C:\Users\George\Desktop\RayTrace\RayTrace\Debug\link.6652-cvtres.write.1.tlog
C:\Users\George\Desktop\RayTrace\RayTrace\Debug\link.6652-rc.read.1.tlog
C:\Users\George\Desktop\RayTrace\RayTrace\Debug\link.6652-rc.write.1.tlog
C:\Users\George\Desktop\RayTrace\RayTrace\Debug\link.6652.read.1.tlog
C:\Users\George\Desktop\RayTrace\RayTrace\Debug\link.6652.write.1.tlog
C:\Users\George\Desktop\RayTrace\RayTrace\Debug\link.6692-cvtres.read.1.tlog
C:\Users\George\Desktop\RayTrace\RayTrace\Debug\link.6692-cvtres.write.1.tlog
C:\Users\George\Desktop\RayTrace\RayTrace\Debug\link.6692-rc.read.1.tlog
C:\Users\George\Desktop\RayTrace\RayTrace\Debug\link.6692-rc.write.1.tlog
C:\Users\George\Desktop\RayTrace\RayTrace\Debug\link.6692.read.1.tlog
C:\Users\George\Desktop\RayTrace\RayTrace\Debug\link.6692.write.1.tlog
C:\Users\George\Desktop\RayTrace\RayTrace\Debug\link.6712-cvtres.read.1.tlog
C:\Users\George\Desktop\RayTrace\RayTrace\Debug\link.6712-cvtres.write.1.tlog
C:\Users\George\Desktop\RayTrace\RayTrace\Debug\link.6712-rc.read.1.tlog
C:\Users\George\Desktop\RayTrace\RayTrace\Debug\link.6712-rc.write.1.tlog
C:\Users\George\Desktop\RayTrace\RayTrace\Debug\link.6712.read.1.tlog
C:\Users\George\Desktop\RayTrace\RayTrace\Debug\link.6712.write.1.tlog
C:\Users\George\Desktop\RayTrace\RayTrace\Debug\link.6716-cvtres.read.1.tlog
C:\Users\George\Desktop\RayTrace\RayTrace\Debug\link.6716-cvtres.write.1.tlog
C:\Users\George\Desktop\RayTrace\RayTrace\Debug\link.6716-rc.read.1.tlog
C:\Users\George\Desktop\RayTrace\RayTrace\Debug\link.6716-rc.write.1.tlog
C:\Users\George\Desktop\RayTrace\RayTrace\Debug\link.6716.read.1.tlog
C:\Users\George\Desktop\RayTrace\RayTrace\Debug\link.6716.write.1.tlog
C:\Users\George\Desktop\RayTrace\RayTrace\Debug\link.6772-cvtres.read.1.tlog
C:\Users\George\Desktop\RayTrace\RayTrace\Debug\link.6772-cvtres.write.1.tlog
C:\Users\George\Desktop\RayTrace\RayTrace\Debug\link.6772-rc.read.1.tlog
C:\Users\George\Desktop\RayTrace\RayTrace\Debug\link.6772-rc.write.1.tlog
C:\Users\George\Desktop\RayTrace\RayTrace\Debug\link.6772.read.1.tlog
C:\Users\George\Desktop\RayTrace\RayTrace\Debug\link.6772.write.1.tlog
C:\Users\George\Desktop\RayTrace\RayTrace\Debug\link.6848-cvtres.read.1.tlog
C:\Users\George\Desktop\RayTrace\RayTrace\Debug\link.6848-cvtres.write.1.tlog
C:\Users\George\Desktop\RayTrace\RayTrace\Debug\link.6848-rc.read.1.tlog
C:\Users\George\Desktop\RayTrace\RayTrace\Debug\link.6848-rc.write.1.tlog
C:\Users\George\Desktop\RayTrace\RayTrace\Debug\link.6848.read.1.tlog
C:\Users\George\Desktop\RayTrace\RayTrace\Debug\link.6848.write.1.tlog
C:\Users\George\Desktop\RayTrace\RayTrace\Debug\link.6872-cvtres.read.1.tlog
C:\Users\George\Desktop\RayTrace\RayTrace\Debug\link.6872-cvtres.write.1.tlog
C:\Users\George\Desktop\RayTrace\RayTrace\Debug\link.6872-rc.read.1.tlog
C:\Users\George\Desktop\RayTrace\RayTrace\Debug\link.6872-rc.write.1.tlog
C:\Users\George\Desktop\RayTrace\RayTrace\Debug\link.6872.read.1.tlog
C:\Users\George\Desktop\RayTrace\RayTrace\Debug\link.6872.write.1.tlog
C:\Users\George\Desktop\RayTrace\RayTrace\Debug\link.6904-cvtres.read.1.tlog
C:\Users\George\Desktop\RayTrace\RayTrace\Debug\link.6904-cvtres.write.1.tlog
C:\Users\George\Desktop\RayTrace\RayTrace\Debug\link.6904-rc.read.1.tlog
C:\Users\George\Desktop\RayTrace\RayTrace\Debug\link.6904-rc.write.1.tlog
C:\Users\George\Desktop\RayTrace\RayTrace\Debug\link.6904.read.1.tlog
C:\Users\George\Desktop\RayTrace\RayTrace\Debug\link.6904.write.1.tlog
C:\Users\George\Desktop\RayTrace\RayTrace\Debug\link.7028-cvtres.read.1.tlog
C:\Users\George\Desktop\RayTrace\RayTrace\Debug\link.7028-cvtres.write.1.tlog
C:\Users\George\Desktop\RayTrace\RayTrace\Debug\link.7028-rc.read.1.tlog
C:\Users\George\Desktop\RayTrace\RayTrace\Debug\link.7028-rc.write.1.tlog
C:\Users\George\Desktop\RayTrace\RayTrace\Debug\link.7028.read.1.tlog
C:\Users\George\Desktop\RayTrace\RayTrace\Debug\link.7028.write.1.tlog
C:\Users\George\Desktop\RayTrace\RayTrace\Debug\link.7032-cvtres.read.1.tlog
C:\Users\George\Desktop\RayTrace\RayTrace\Debug\link.7032-cvtres.write.1.tlog
C:\Users\George\Desktop\RayTrace\RayTrace\Debug\link.7032-rc.read.1.tlog
C:\Users\George\Desktop\RayTrace\RayTrace\Debug\link.7032-rc.write.1.tlog
C:\Users\George\Desktop\RayTrace\RayTrace\Debug\link.7032.read.1.tlog
C:\Users\George\Desktop\RayTrace\RayTrace\Debug\link.7032.write.1.tlog
C:\Users\George\Desktop\RayTrace\RayTrace\Debug\link.7040-cvtres.read.1.tlog
C:\Users\George\Desktop\RayTrace\RayTrace\Debug\link.7040-cvtres.write.1.tlog
C:\Users\George\Desktop\RayTrace\RayTrace\Debug\link.7040-rc.read.1.tlog
C:\Users\George\Desktop\RayTrace\RayTrace\Debug\link.7040-rc.write.1.tlog
C:\Users\George\Desktop\RayTrace\RayTrace\Debug\link.7040.read.1.tlog
C:\Users\George\Desktop\RayTrace\RayTrace\Debug\link.7040.write.1.tlog
C:\Users\George\Desktop\RayTrace\RayTrace\Debug\link.7052-cvtres.read.1.tlog
C:\Users\George\Desktop\RayTrace\RayTrace\Debug\link.7052-cvtres.write.1.tlog
C:\Users\George\Desktop\RayTrace\RayTrace\Debug\link.7052-rc.read.1.tlog
C:\Users\George\Desktop\RayTrace\RayTrace\Debug\link.7052-rc.write.1.tlog
C:\Users\George\Desktop\RayTrace\RayTrace\Debug\link.7052.read.1.tlog
C:\Users\George\Desktop\RayTrace\RayTrace\Debug\link.7052.write.1.tlog
C:\Users\George\Desktop\RayTrace\RayTrace\Debug\link.7060-cvtres.read.1.tlog
C:\Users\George\Desktop\RayTrace\RayTrace\Debug\link.7060-cvtres.write.1.tlog
C:\Users\George\Desktop\RayTrace\RayTrace\Debug\link.7060-rc.read.1.tlog
C:\Users\George\Desktop\RayTrace\RayTrace\Debug\link.7060-rc.write.1.tlog
C:\Users\George\Desktop\RayTrace\RayTrace\Debug\link.7060.read.1.tlog
C:\Users\George\Desktop\RayTrace\RayTrace\Debug\link.7060.write.1.tlog
C:\Users\George\Desktop\RayTrace\RayTrace\Debug\link.7076-cvtres.read.1.tlog
C:\Users\George\Desktop\RayTrace\RayTrace\Debug\link.7076-cvtres.write.1.tlog
C:\Users\George\Desktop\RayTrace\RayTrace\Debug\link.7076-rc.read.1.tlog
C:\Users\George\Desktop\RayTrace\RayTrace\Debug\link.7076-rc.write.1.tlog
C:\Users\George\Desktop\RayTrace\RayTrace\Debug\link.7076.read.1.tlog
C:\Users\George\Desktop\RayTrace\RayTrace\Debug\link.7076.write.1.tlog
C:\Users\George\Desktop\RayTrace\RayTrace\Debug\link.7108-cvtres.read.1.tlog
C:\Users\George\Desktop\RayTrace\RayTrace\Debug\link.7108-cvtres.write.1.tlog
C:\Users\George\Desktop\RayTrace\RayTrace\Debug\link.7108-rc.read.1.tlog
C:\Users\George\Desktop\RayTrace\RayTrace\Debug\link.7108-rc.write.1.tlog
C:\Users\George\Desktop\RayTrace\RayTrace\Debug\link.7108.read.1.tlog
C:\Users\George\Desktop\RayTrace\RayTrace\Debug\link.7108.write.1.tlog
C:\Users\George\Desktop\RayTrace\RayTrace\Debug\link.7288-cvtres.read.1.tlog
C:\Users\George\Desktop\RayTrace\RayTrace\Debug\link.7288-cvtres.write.1.tlog
C:\Users\George\Desktop\RayTrace\RayTrace\Debug\link.7288-rc.read.1.tlog
C:\Users\George\Desktop\RayTrace\RayTrace\Debug\link.7288-rc.write.1.tlog
C:\Users\George\Desktop\RayTrace\RayTrace\Debug\link.7288.read.1.tlog
C:\Users\George\Desktop\RayTrace\RayTrace\Debug\link.7288.write.1.tlog
C:\Users\George\Desktop\RayTrace\RayTrace\Debug\link.7308-cvtres.read.1.tlog
C:\Users\George\Desktop\RayTrace\RayTrace\Debug\link.7308-cvtres.write.1.tlog
C:\Users\George\Desktop\RayTrace\RayTrace\Debug\link.7308-rc.read.1.tlog
C:\Users\George\Desktop\RayTrace\RayTrace\Debug\link.7308-rc.write.1.tlog
C:\Users\George\Desktop\RayTrace\RayTrace\Debug\link.7308.read.1.tlog
C:\Users\George\Desktop\RayTrace\RayTrace\Debug\link.7308.write.1.tlog
C:\Users\George\Desktop\RayTrace\RayTrace\Debug\link.7552-cvtres.read.1.tlog
C:\Users\George\Desktop\RayTrace\RayTrace\Debug\link.7552-cvtres.write.1.tlog
C:\Users\George\Desktop\RayTrace\RayTrace\Debug\link.7552-rc.read.1.tlog
C:\Users\George\Desktop\RayTrace\RayTrace\Debug\link.7552-rc.write.1.tlog
C:\Users\George\Desktop\RayTrace\RayTrace\Debug\link.7552.read.1.tlog
C:\Users\George\Desktop\RayTrace\RayTrace\Debug\link.7552.write.1.tlog
C:\Users\George\Desktop\RayTrace\RayTrace\Debug\link.7832-cvtres.read.1.tlog
C:\Users\George\Desktop\RayTrace\RayTrace\Debug\link.7832-cvtres.write.1.tlog
C:\Users\George\Desktop\RayTrace\RayTrace\Debug\link.7832-rc.read.1.tlog
C:\Users\George\Desktop\RayTrace\RayTrace\Debug\link.7832-rc.write.1.tlog
C:\Users\George\Desktop\RayTrace\RayTrace\Debug\link.7832.read.1.tlog
C:\Users\George\Desktop\RayTrace\RayTrace\Debug\link.7832.write.1.tlog
C:\Users\George\Desktop\RayTrace\RayTrace\Debug\link.8116-cvtres.read.1.tlog
C:\Users\George\Desktop\RayTrace\RayTrace\Debug\link.8116-cvtres.write.1.tlog
C:\Users\George\Desktop\RayTrace\RayTrace\Debug\link.8116-rc.read.1.tlog
C:\Users\George\Desktop\RayTrace\RayTrace\Debug\link.8116-rc.write.1.tlog
C:\Users\George\Desktop\RayTrace\RayTrace\Debug\link.8116.read.1.tlog
C:\Users\George\Desktop\RayTrace\RayTrace\Debug\link.8116.write.1.tlog
C:\Users\George\Desktop\RayTrace\RayTrace\Debug\link.8148-cvtres.read.1.tlog
C:\Users\George\Desktop\RayTrace\RayTrace\Debug\link.8148-cvtres.write.1.tlog
C:\Users\George\Desktop\RayTrace\RayTrace\Debug\link.8148-rc.read.1.tlog
C:\Users\George\Desktop\RayTrace\RayTrace\Debug\link.8148-rc.write.1.tlog
C:\Users\George\Desktop\RayTrace\RayTrace\Debug\link.8148.read.1.tlog
C:\Users\George\Desktop\RayTrace\RayTrace\Debug\link.8148.write.1.tlog
C:\Users\George\Desktop\RayTrace\RayTrace\Debug\link.8164-cvtres.read.1.tlog
C:\Users\George\Desktop\RayTrace\RayTrace\Debug\link.8164-cvtres.write.1.tlog
C:\Users\George\Desktop\RayTrace\RayTrace\Debug\link.8164-rc.read.1.tlog
C:\Users\George\Desktop\RayTrace\RayTrace\Debug\link.8164-rc.write.1.tlog
C:\Users\George\Desktop\RayTrace\RayTrace\Debug\link.8164.read.1.tlog
C:\Users\George\Desktop\RayTrace\RayTrace\Debug\link.8164.write.1.tlog
C:\Users\George\Desktop\RayTrace\RayTrace\Debug\link.8216-cvtres.read.1.tlog
C:\Users\George\Desktop\RayTrace\RayTrace\Debug\link.8216-cvtres.write.1.tlog
C:\Users\George\Desktop\RayTrace\RayTrace\Debug\link.8216-rc.read.1.tlog
C:\Users\George\Desktop\RayTrace\RayTrace\Debug\link.8216-rc.write.1.tlog
C:\Users\George\Desktop\RayTrace\RayTrace\Debug\link.8216.read.1.tlog
C:\Users\George\Desktop\RayTrace\RayTrace\Debug\link.8216.write.1.tlog
C:\Users\George\Desktop\RayTrace\RayTrace\Debug\link.8324.read.1.tlog
C:\Users\George\Desktop\RayTrace\RayTrace\Debug\link.8324.write.1.tlog
C:\Users\George\Desktop\RayTrace\RayTrace\Debug\link.8896-cvtres.read.1.tlog
C:\Users\George\Desktop\RayTrace\RayTrace\Debug\link.8896-cvtres.write.1.tlog
C:\Users\George\Desktop\RayTrace\RayTrace\Debug\link.8896-rc.read.1.tlog
C:\Users\George\Desktop\RayTrace\RayTrace\Debug\link.8896-rc.write.1.tlog
C:\Users\George\Desktop\RayTrace\RayTrace\Debug\link.8896.read.1.tlog
C:\Users\George\Desktop\RayTrace\RayTrace\Debug\link.8896.write.1.tlog
C:\Users\George\Desktop\RayTrace\RayTrace\Debug\link.command.1.tlog
C:\Users\George\Desktop\RayTrace\RayTrace\Debug\link.read.1.tlog
C:\Users\George\Desktop\RayTrace\RayTrace\Debug\link.write.1.tlog
C:\Users\George\Desktop\RayTrace\RayTrace\Debug\vc110.idb
C:\Users\George\Desktop\RayTrace\RayTrace\Debug\vc110.pdb
C:\Users\George\Desktop\RayTrace\Debug\RayTrace.pdb
C:\Users\George\Desktop\RayTrace\Debug\RayTrace.exe
C:\Users\George\Desktop\RayTrace\Debug\RayTrace.ilk
